mode: atomic
github.com/dumpsterfireproject/gocon/config.go:7.25,11.2 1 2
github.com/dumpsterfireproject/gocon/config.go:14.43,16.2 1 0
github.com/dumpsterfireproject/gocon/config.go:18.53,19.34 1 2
github.com/dumpsterfireproject/gocon/config.go:22.2,22.19 1 0
github.com/dumpsterfireproject/gocon/config.go:19.34,21.3 1 2
github.com/dumpsterfireproject/gocon/config.go:25.53,28.2 1 2
github.com/dumpsterfireproject/gocon/config.go:52.49,54.2 1 2
github.com/dumpsterfireproject/gocon/config.go:56.46,58.2 1 0
github.com/dumpsterfireproject/gocon/config.go:59.39,61.2 1 2
github.com/dumpsterfireproject/gocon/parser.go:43.38,45.2 1 2
github.com/dumpsterfireproject/gocon/parser.go:47.38,49.2 1 2
github.com/dumpsterfireproject/gocon/parser.go:51.42,53.2 1 2
github.com/dumpsterfireproject/gocon/parser.go:55.27,57.20 2 2
github.com/dumpsterfireproject/gocon/parser.go:57.20,59.3 1 2
github.com/dumpsterfireproject/gocon/parser.go:62.39,75.44 5 2
github.com/dumpsterfireproject/gocon/parser.go:88.2,88.49 1 2
github.com/dumpsterfireproject/gocon/parser.go:75.44,76.27 1 27
github.com/dumpsterfireproject/gocon/parser.go:79.3,79.13 1 9
github.com/dumpsterfireproject/gocon/parser.go:85.3,85.38 1 8
github.com/dumpsterfireproject/gocon/parser.go:76.27,78.4 1 18
github.com/dumpsterfireproject/gocon/parser.go:80.12,81.15 1 1
github.com/dumpsterfireproject/gocon/parser.go:82.12,83.15 1 0
github.com/dumpsterfireproject/gocon/parser.go:91.46,94.2 2 2
github.com/dumpsterfireproject/gocon/parser.go:96.43,97.6 1 2
github.com/dumpsterfireproject/gocon/parser.go:116.2,116.23 1 2
github.com/dumpsterfireproject/gocon/parser.go:97.6,99.12 2 4
github.com/dumpsterfireproject/gocon/parser.go:112.3,112.23 1 4
github.com/dumpsterfireproject/gocon/parser.go:100.20,100.20 0 2
github.com/dumpsterfireproject/gocon/parser.go:101.24,101.24 0 0
github.com/dumpsterfireproject/gocon/parser.go:102.21,103.20 1 0
github.com/dumpsterfireproject/gocon/parser.go:104.22,105.38 1 2
github.com/dumpsterfireproject/gocon/parser.go:107.11,108.37 1 0
github.com/dumpsterfireproject/gocon/parser.go:108.37,110.5 1 0
github.com/dumpsterfireproject/gocon/parser.go:112.23,113.9 1 2
github.com/dumpsterfireproject/gocon/parser.go:119.30,121.35 2 11
github.com/dumpsterfireproject/gocon/parser.go:124.2,124.10 1 6
github.com/dumpsterfireproject/gocon/parser.go:121.35,123.3 1 5
github.com/dumpsterfireproject/gocon/parser.go:127.40,130.11 3 2
github.com/dumpsterfireproject/gocon/parser.go:131.19,132.17 1 2
github.com/dumpsterfireproject/gocon/parser.go:133.18,134.17 1 0
github.com/dumpsterfireproject/gocon/parser.go:135.24,136.18 1 0
github.com/dumpsterfireproject/gocon/parser.go:137.23,138.17 1 0
github.com/dumpsterfireproject/gocon/parser.go:139.10,139.10 0 0
github.com/dumpsterfireproject/gocon/parser.go:143.31,145.11 2 2
github.com/dumpsterfireproject/gocon/parser.go:146.26,147.20 1 1
github.com/dumpsterfireproject/gocon/parser.go:149.21,150.14 1 1
github.com/dumpsterfireproject/gocon/parser.go:151.22,152.14 1 1
github.com/dumpsterfireproject/gocon/parser.go:153.19,154.14 1 1
github.com/dumpsterfireproject/gocon/parser.go:155.21,156.14 1 1
github.com/dumpsterfireproject/gocon/parser.go:157.20,159.13 2 1
github.com/dumpsterfireproject/gocon/parser.go:160.10,160.10 0 0
github.com/dumpsterfireproject/gocon/parser.go:164.34,167.6 3 1
github.com/dumpsterfireproject/gocon/parser.go:187.2,188.12 2 1
github.com/dumpsterfireproject/gocon/parser.go:167.6,169.12 2 3
github.com/dumpsterfireproject/gocon/parser.go:183.3,183.12 1 3
github.com/dumpsterfireproject/gocon/parser.go:170.12,171.15 1 0
github.com/dumpsterfireproject/gocon/parser.go:172.25,173.15 1 1
github.com/dumpsterfireproject/gocon/parser.go:174.22,176.67 1 2
github.com/dumpsterfireproject/gocon/parser.go:177.23,179.67 2 1
github.com/dumpsterfireproject/gocon/parser.go:180.11,181.16 1 0
github.com/dumpsterfireproject/gocon/parser.go:183.12,184.9 1 1
github.com/dumpsterfireproject/gocon/parser.go:191.33,193.2 0 0
github.com/dumpsterfireproject/gocon/parser.go:195.34,197.2 0 0
github.com/dumpsterfireproject/gocon/parser.go:199.34,201.2 0 0
github.com/dumpsterfireproject/gocon/parser.go:203.32,205.2 0 0
